<?xml version='1.0' encoding='UTF-8'?>
<testsuite hostname="zqc-HBL-WX9" name="workshop.simCounter.SimCounterTester" tests="4" errors="0" failures="1" skipped="0" time="0.955" timestamp="2022-04-09T19:06:14">
                     <properties>
      <property name="jline.esc.timeout" value="0"/><property name="jna.platform.library.path" value="/usr/lib/x86_64-linux-gnu:/lib/x86_64-linux-gnu:/usr/lib64:/lib64:/usr/lib:/lib:/usr/lib/x86_64-linux-gnu/libfakeroot"/><property name="java.runtime.name" value="Java(TM) SE Runtime Environment"/><property name="sun.boot.library.path" value="/usr/local/java/jdk1.8.0_321/jre/lib/amd64"/><property name="java.vm.version" value="25.321-b07"/><property name="java.vm.vendor" value="Oracle Corporation"/><property name="java.vendor.url" value="http://java.oracle.com/"/><property name="path.separator" value=":"/><property name="jna.loaded" value="true"/><property name="java.vm.name" value="Java HotSpot(TM) 64-Bit Server VM"/><property name="file.encoding.pkg" value="sun.io"/><property name="user.country" value="CN"/><property name="sun.java.launcher" value="SUN_STANDARD"/><property name="sun.os.patch.level" value="unknown"/><property name="jna.nosys" value="true"/><property name="java.vm.specification.name" value="Java Virtual Machine Specification"/><property name="user.dir" value="/home/zqc/桌面/etn5_internship/SpinalWorkshop"/><property name="java.runtime.version" value="1.8.0_321-b07"/><property name="java.awt.graphicsenv" value="sun.awt.X11GraphicsEnvironment"/><property name="java.endorsed.dirs" value="/usr/local/java/jdk1.8.0_321/jre/lib/endorsed"/><property name="os.arch" value="amd64"/><property name="java.io.tmpdir" value="/tmp"/><property name="line.separator" value="
"/><property name="java.vm.specification.vendor" value="Oracle Corporation"/><property name="log4j.ignoreTCL" value="true"/><property name="os.name" value="Linux"/><property name="sun.jnu.encoding" value="UTF-8"/><property name="jnidispatch.path" value="/home/zqc/.cache/JNA/temp/jna8354448673863275745.tmp"/><property name="java.library.path" value="/usr/java/packages/lib/amd64:/usr/lib64:/lib64:/lib:/usr/lib"/><property name="java.specification.name" value="Java Platform API Specification"/><property name="java.class.version" value="52.0"/><property name="sun.management.compiler" value="HotSpot 64-Bit Tiered Compilers"/><property name="os.version" value="5.13.0-39-generic"/><property name="swoval.tmpdir" value="/home/zqc/.sbt/1.0"/><property name="user.home" value="/home/zqc"/><property name="user.timezone" value="Europe/Paris"/><property name="java.awt.printerjob" value="sun.print.PSPrinterJob"/><property name="file.encoding" value="UTF-8"/><property name="java.specification.version" value="1.8"/><property name="java.class.path" value="/home/zqc/.cache/sbt/boot/sbt-launch/1.6.2/sbt-launch-1.6.2.jar"/><property name="user.name" value="zqc"/><property name="jline.shutdownhook" value="false"/><property name="java.vm.specification.version" value="1.8"/><property name="sun.java.command" value="/home/zqc/.cache/sbt/boot/sbt-launch/1.6.2/sbt-launch-1.6.2.jar testOnly *.Apb3DecoderTester"/><property name="java.home" value="/usr/local/java/jdk1.8.0_321/jre"/><property name="sun.arch.data.model" value="64"/><property name="user.language" value="zh"/><property name="java.specification.vendor" value="Oracle Corporation"/><property name="awt.toolkit" value="sun.awt.X11.XToolkit"/><property name="java.vm.info" value="mixed mode"/><property name="java.version" value="1.8.0_321"/><property name="java.ext.dirs" value="/usr/local/java/jdk1.8.0_321/jre/lib/ext:/usr/java/packages/lib/ext"/><property name="sun.boot.class.path" value="/usr/local/java/jdk1.8.0_321/jre/lib/resources.jar:/usr/local/java/jdk1.8.0_321/jre/lib/rt.jar:/usr/local/java/jdk1.8.0_321/jre/lib/sunrsasign.jar:/usr/local/java/jdk1.8.0_321/jre/lib/jsse.jar:/usr/local/java/jdk1.8.0_321/jre/lib/jce.jar:/usr/local/java/jdk1.8.0_321/jre/lib/charsets.jar:/usr/local/java/jdk1.8.0_321/jre/lib/jfr.jar:/usr/local/java/jdk1.8.0_321/jre/classes"/><property name="java.vendor" value="Oracle Corporation"/><property name="file.separator" value="/"/><property name="java.vendor.url.bug" value="http://bugreport.sun.com/bugreport/"/><property name="sun.io.unicode.encoding" value="UnicodeLittle"/><property name="sun.cpu.endian" value="little"/><property name="sbt.script" value="/usr/bin/sbt"/><property name="sun.desktop" value="gnome"/><property name="sun.cpu.isalist" value=""/>
    </properties>
                     <testcase classname="workshop.simCounter.SimCounterTester" name="pass on bug-free hardware" time="0.247">
                                                 <failure message="java.lang.AssertionError: assertion failed: dut.io.value mismatch. io.value=21 counterModel=0" type="sbt.ForkMain$ForkError">sbt.ForkMain$ForkError: java.lang.AssertionError: assertion failed: dut.io.value mismatch. io.value=21 counterModel=0
	at scala.Predef$.assert(Predef.scala:170)
	at spinal.core.package$.assert(core.scala:438)
	at workshop.simCounter.SimCounterTestbench$$anonfun$main$1$$anonfun$apply$1.apply$mcVI$sp(SimCounterTestbench.scala:23)
	at scala.collection.immutable.Range.foreach$mVc$sp(Range.scala:160)
	at workshop.simCounter.SimCounterTestbench$$anonfun$main$1.apply(SimCounterTestbench.scala:17)
	at workshop.simCounter.SimCounterTestbench$$anonfun$main$1.apply(SimCounterTestbench.scala:13)
	at spinal.core.sim.SimCompiled$$anonfun$doSimApi$2.apply$mcV$sp(SimBootstraps.scala:433)
	at spinal.sim.SimManager.spinal$sim$SimManager$$threadBody$1(SimManager.scala:222)
	at spinal.sim.SimManager$$anonfun$2.apply$mcV$sp(SimManager.scala:225)
	at spinal.sim.SimThread$$anonfun$1.apply$mcV$sp(SimThread.scala:93)
	at spinal.sim.JvmThread.run(SimManager.scala:51)
</failure>
                                               </testcase><testcase classname="workshop.simCounter.SimCounterTester" name="catch increment by two" time="0.23">
                                                 
                                               </testcase><testcase classname="workshop.simCounter.SimCounterTester" name="catch bad reset" time="0.248">
                                                 
                                               </testcase><testcase classname="workshop.simCounter.SimCounterTester" name="catch reversed enable" time="0.23">
                                                 
                                               </testcase>
                     <system-out><![CDATA[]]></system-out>
                     <system-err><![CDATA[]]></system-err>
                   </testsuite>